<?xml version="1.0" encoding="UTF-8"?>
<coverage generated="1627458507646" clover="3.2.0">
  <project timestamp="1627458507646" name="All files">
    <metrics statements="9" coveredstatements="3" conditionals="4" coveredconditionals="0" methods="4" coveredmethods="1" elements="17" coveredelements="4" complexity="0" loc="9" ncloc="9" packages="1" files="1" classes="1"/>
    <file name="clock.ts" path="E:\Giacomo\Xamp-sites\Exercism\typescript\Clock\src\clock.ts">
      <metrics statements="9" coveredstatements="3" conditionals="4" coveredconditionals="0" methods="4" coveredmethods="1"/>
      <line num="1" count="1" type="stmt"/>
      <line num="8" count="2" type="stmt"/>
      <line num="9" count="2" type="stmt"/>
      <line num="14" count="0" type="cond" truecount="0" falsecount="2"/>
      <line num="16" count="0" type="stmt"/>
      <line num="22" count="0" type="stmt"/>
      <line num="27" count="0" type="stmt"/>
      <line num="29" count="0" type="cond" truecount="0" falsecount="2"/>
      <line num="31" count="0" type="stmt"/>
    </file>
  </project>
</coverage>
